<?xml version="1.0" encoding="UTF-8"?>
<!-- Generated by org.testng.reporters.JUnitReportReporter -->
<testsuite skipped="0" hostname="pnawal-t460" name="com.tests.DeleteArtifact" tests="2" failures="0" timestamp="26 Aug 2018 03:41:39 GMT" time="0.414" errors="0">
  <testcase name="deleteArtifact" time="0.259" classname="com.tests.DeleteArtifact"/>
  <testcase name="fetchDT" time="0.155" classname="com.tests.DeleteArtifact"/>
</testsuite> <!-- com.tests.DeleteArtifact -->
