<?xml version="1.0" encoding="UTF-8"?>
<!-- Generated by org.testng.reporters.JUnitReportReporter -->
<testsuite skipped="0" hostname="pnawal-t460" name="com.tests.ArtifactHistory" tests="1" failures="0" timestamp="26 Aug 2018 03:40:38 GMT" time="0.078" errors="0">
  <testcase name="fetchArtifactHistory" time="0.078" classname="com.tests.ArtifactHistory"/>
</testsuite> <!-- com.tests.ArtifactHistory -->
