<?xml version="1.0" encoding="UTF-8"?>
<!-- Generated by org.testng.reporters.JUnitReportReporter -->
<testsuite skipped="0" hostname="pnawal-t460" name="com.tibco.be.rms.testcases.RenameArtifacts" tests="3" failures="0" timestamp="26 Sep 2018 17:14:21 GMT" time="3.949" errors="0">
  <testcase name="renameDT" time="1.047" classname="com.tibco.be.rms.testcases.RenameArtifacts"/>
  <testcase name="renameBuilderRTI" time="1.014" classname="com.tibco.be.rms.testcases.RenameArtifacts"/>
  <testcase name="renameViewRTI" time="1.888" classname="com.tibco.be.rms.testcases.RenameArtifacts"/>
</testsuite> <!-- com.tibco.be.rms.testcases.RenameArtifacts -->
