<?xml version="1.0" encoding="UTF-8"?>
<!-- Generated by org.testng.reporters.JUnitReportReporter -->
<testsuite skipped="0" hostname="pnawal-t460" name="com.tests.RenameArtifacts" tests="4" failures="0" timestamp="04 Sep 2018 11:22:30 GMT" time="1.578" errors="0">
  <testcase name="renameDT" time="0.528" classname="com.tests.RenameArtifacts"/>
  <testcase name="renameBuilderRTI" time="0.458" classname="com.tests.RenameArtifacts"/>
  <testcase name="renameViewRTI" time="0.367" classname="com.tests.RenameArtifacts"/>
  <testcase name="listArtifactsReadyToBeCommitted" time="0.225" classname="com.tests.RenameArtifacts"/>
</testsuite> <!-- com.tests.RenameArtifacts -->
