<?xml version="1.0" encoding="UTF-8"?>
<!-- Generated by org.testng.reporters.JUnitReportReporter -->
<testsuite skipped="0" hostname="pnawal-t460" name="com.tests.Notification" tests="2" failures="0" timestamp="04 Sep 2018 10:54:28 GMT" time="0.282" errors="0">
  <testcase name="fetchNotificationPreferences" time="0.128" classname="com.tests.Notification"/>
  <testcase name="updateNotificationPreferences" time="0.154" classname="com.tests.Notification"/>
</testsuite> <!-- com.tests.Notification -->
