<?xml version="1.0" encoding="UTF-8"?>
<!-- Generated by org.testng.reporters.JUnitReportReporter -->
<testsuite skipped="0" hostname="pnawal-t460" name="com.tests.RenameArtifact" tests="2" failures="0" timestamp="13 Aug 2018 07:16:55 GMT" time="0.704" errors="0">
  <testcase name="renameBuilderRTI" time="0.333" classname="com.tests.RenameArtifact"/>
  <testcase name="renameViewRTI" time="0.371" classname="com.tests.RenameArtifact"/>
</testsuite> <!-- com.tests.RenameArtifact -->
