<?xml version="1.0" encoding="UTF-8"?>
<!-- Generated by org.testng.reporters.JUnitReportReporter -->
<testsuite skipped="0" hostname="pnawal-t460" name="com.tests.Revert" tests="2" failures="0" timestamp="04 Sep 2018 11:22:30 GMT" time="0.322" errors="0">
  <testcase name="modifyExistingRTI" time="0.108" classname="com.tests.Revert"/>
  <testcase name="revert" time="0.214" classname="com.tests.Revert"/>
</testsuite> <!-- com.tests.Revert -->
