<?xml version="1.0" encoding="UTF-8"?>
<!-- Generated by org.testng.reporters.JUnitReportReporter -->
<testsuite skipped="0" hostname="pnawal-t460" name="com.tests.Checkout" tests="1" failures="0" timestamp="14 Jan 2019 12:10:37 GMT" time="0.006" errors="0">
  <testcase name="checkout" time="0.006" classname="com.tests.Checkout"/>
</testsuite> <!-- com.tests.Checkout -->
