<?xml version="1.0" encoding="UTF-8"?>
<!-- Generated by org.testng.reporters.JUnitReportReporter -->
<testsuite skipped="1" hostname="pnawal-t460" name="com.tests.ACL" tests="5" failures="0" timestamp="10 Aug 2018 10:52:59 GMT" time="0.436" errors="0">
  <testcase name="updateACL" time="0.130" classname="com.tests.ACL"/>
  <testcase name="fetchACL" time="0.139" classname="com.tests.ACL"/>
  <testcase name="fetchAuthenticationDetails" time="0.083" classname="com.tests.ACL"/>
  <testcase name="updateAuthenticationDetails" time="0.084" classname="com.tests.ACL"/>
  <testcase name="checkUserEntry" classname="com.tests.ACL">
    <skipped/>
  </testcase> <!-- checkUserEntry -->
</testsuite> <!-- com.tests.ACL -->
