<?xml version="1.0" encoding="UTF-8"?>
<!-- Generated by org.testng.reporters.JUnitReportReporter -->
<testsuite skipped="0" hostname="pnawal-t460" name="com.tests.Reject" tests="3" failures="0" timestamp="03 Sep 2018 10:51:40 GMT" time="0.878" errors="0">
  <testcase name="commitArtifacts" time="0.342" classname="com.tests.Reject"/>
  <testcase name="fetchWorklistItems" time="0.267" classname="com.tests.Reject"/>
  <testcase name="reject" time="0.269" classname="com.tests.Reject"/>
</testsuite> <!-- com.tests.Reject -->
