<?xml version="1.0" encoding="UTF-8"?>
<!-- Generated by org.testng.reporters.JUnitReportReporter -->
<testsuite skipped="0" hostname="pnawal-t460" name="com.tibco.be.rms.testcases.Test1" tests="1" failures="0" timestamp="06 Sep 2018 04:54:42 GMT" time="0.016" errors="0">
  <testcase name="startEngine" time="0.016" classname="com.tibco.be.rms.testcases.Test1"/>
</testsuite> <!-- com.tibco.be.rms.testcases.Test1 -->
