<?xml version="1.0" encoding="UTF-8"?>
<!-- Generated by org.testng.reporters.JUnitReportReporter -->
<testsuite skipped="0" hostname="pnawal-t460" name="com.tibco.be.rms.testcases.AuditTrailTest" tests="2" failures="0" timestamp="21 Nov 2018 05:58:42 GMT" time="3.365" errors="0">
  <testcase name="fetchAuditTrail" time="2.935" classname="com.tibco.be.rms.testcases.AuditTrailTest"/>
  <testcase name="downloadAuditTrail" time="0.430" classname="com.tibco.be.rms.testcases.AuditTrailTest"/>
</testsuite> <!-- com.tibco.be.rms.testcases.AuditTrailTest -->
