<?xml version="1.0" encoding="UTF-8"?>
<!-- Generated by org.testng.reporters.JUnitReportReporter -->
<testsuite skipped="0" hostname="pnawal-t460" name="com.tests.AuditTrail" tests="2" failures="0" timestamp="26 Aug 2018 03:38:54 GMT" time="5.015" errors="0">
  <testcase name="fetchAuditTrail" time="0.220" classname="com.tests.AuditTrail"/>
  <testcase name="downloadAuditTrail" time="4.795" classname="com.tests.AuditTrail"/>
</testsuite> <!-- com.tests.AuditTrail -->
