<?xml version="1.0" encoding="UTF-8"?>
<!-- Generated by org.testng.reporters.JUnitReportReporter -->
<testsuite skipped="0" hostname="pnawal-t460" name="com.tibco.be.rms.testcases.LockUnlockTest" tests="3" failures="0" timestamp="21 Nov 2018 09:02:17 GMT" time="1.693" errors="0">
  <testcase name="manageLocks" time="0.589" classname="com.tibco.be.rms.testcases.LockUnlockTest"/>
  <testcase name="lockArtifact" time="0.845" classname="com.tibco.be.rms.testcases.LockUnlockTest"/>
  <testcase name="unlockArtifact" time="0.259" classname="com.tibco.be.rms.testcases.LockUnlockTest"/>
</testsuite> <!-- com.tibco.be.rms.testcases.LockUnlockTest -->
