<?xml version="1.0" encoding="UTF-8"?>
<!-- Generated by org.testng.reporters.JUnitReportReporter -->
<testsuite skipped="0" hostname="pnawal-t460" name="com.tibco.be.rms.testcases.RenameArtifactsTest" tests="3" failures="0" timestamp="04 Nov 2018 11:33:03 GMT" time="3.320" errors="0">
  <testcase name="renameDT" time="1.675" classname="com.tibco.be.rms.testcases.RenameArtifactsTest"/>
  <testcase name="renameBuilderRTI" time="1.162" classname="com.tibco.be.rms.testcases.RenameArtifactsTest"/>
  <testcase name="renameViewRTI" time="0.483" classname="com.tibco.be.rms.testcases.RenameArtifactsTest"/>
</testsuite> <!-- com.tibco.be.rms.testcases.RenameArtifactsTest -->
