<?xml version="1.0" encoding="UTF-8"?>
<!-- Generated by org.testng.reporters.JUnitReportReporter -->
<testsuite skipped="0" hostname="pnawal-t460" name="com.tibco.be.rms.testcases.SynchronizeArtifactsTest" tests="1" failures="0" timestamp="04 Nov 2018 11:27:15 GMT" time="8.832" errors="0">
  <testcase name="synchronizeArtifact" time="8.832" classname="com.tibco.be.rms.testcases.SynchronizeArtifactsTest"/>
</testsuite> <!-- com.tibco.be.rms.testcases.SynchronizeArtifactsTest -->
