<?xml version="1.0" encoding="UTF-8"?>
<!-- Generated by org.testng.reporters.JUnitReportReporter -->
<testsuite skipped="0" hostname="pnawal-t460" name="com.tibco.be.rms.testcases.DTAnalyzerTest" tests="1" failures="0" timestamp="05 Nov 2018 05:39:40 GMT" time="1.499" errors="0">
  <testcase name="analyzeDT" time="1.499" classname="com.tibco.be.rms.testcases.DTAnalyzerTest"/>
</testsuite> <!-- com.tibco.be.rms.testcases.DTAnalyzerTest -->
