<?xml version="1.0" encoding="UTF-8"?>
<!-- Generated by org.testng.reporters.JUnitReportReporter -->
<testsuite skipped="0" hostname="pnawal-t460" name="com.tests.ValidateArtifacts" tests="4" failures="0" timestamp="04 Sep 2018 11:22:30 GMT" time="49.308" errors="0">
  <testcase name="generateDeployable" time="31.869" classname="com.tests.ValidateArtifacts"/>
  <testcase name="validateBuilderRTI" time="0.776" classname="com.tests.ValidateArtifacts"/>
  <testcase name="validateViewRTI" time="0.214" classname="com.tests.ValidateArtifacts"/>
  <testcase name="validateDT" time="16.449" classname="com.tests.ValidateArtifacts"/>
</testsuite> <!-- com.tests.ValidateArtifacts -->
