<?xml version="1.0" encoding="UTF-8"?>
<!-- Generated by org.testng.reporters.JUnitReportReporter -->
<testsuite skipped="0" hostname="pnawal-t460" name="com.tibco.be.rms.testcases.ApproveTest" tests="3" failures="0" timestamp="25 Sep 2018 11:33:03 GMT" time="3.630" errors="0">
  <testcase name="approveDT" time="1.278" classname="com.tibco.be.rms.testcases.ApproveTest"/>
  <testcase name="approveBuilderRTI" time="1.880" classname="com.tibco.be.rms.testcases.ApproveTest"/>
  <testcase name="approveViewRTI" time="0.472" classname="com.tibco.be.rms.testcases.ApproveTest"/>
</testsuite> <!-- com.tibco.be.rms.testcases.ApproveTest -->
