<?xml version="1.0" encoding="UTF-8"?>
<!-- Generated by org.testng.reporters.JUnitReportReporter -->
<testsuite skipped="0" hostname="pnawal-t460" name="com.tests.CreateRTIs" tests="4" failures="0" timestamp="04 Sep 2018 11:22:30 GMT" time="1.683" errors="0">
  <testcase name="fetchBuilderTemplate" time="0.402" classname="com.tests.CreateRTIs"/>
  <testcase name="createBuilderRTI" time="0.447" classname="com.tests.CreateRTIs"/>
  <testcase name="fetchViewRuleTemplate" time="0.425" classname="com.tests.CreateRTIs"/>
  <testcase name="createViewRTI" time="0.409" classname="com.tests.CreateRTIs"/>
</testsuite> <!-- com.tests.CreateRTIs -->
