<?xml version="1.0" encoding="UTF-8"?>
<!-- Generated by org.testng.reporters.JUnitReportReporter -->
<testsuite skipped="0" hostname="pnawal-t460" name="com.tests.Synchronize" tests="2" failures="0" timestamp="13 Aug 2018 09:41:45 GMT" time="0.515" errors="0">
  <testcase name="listArtifactsNeedsSynchronization" time="0.437" classname="com.tests.Synchronize"/>
  <testcase name="synchronize" time="0.078" classname="com.tests.Synchronize"/>
</testsuite> <!-- com.tests.Synchronize -->
