<?xml version="1.0" encoding="UTF-8"?>
<!-- Generated by org.testng.reporters.JUnitReportReporter -->
<testsuite skipped="0" hostname="pnawal-t460" name="com.tests.NewTest" tests="1" failures="0" timestamp="09 Aug 2018 16:58:19 GMT" time="1.758" errors="0">
  <testcase name="f" time="1.758" classname="com.tests.NewTest"/>
</testsuite> <!-- com.tests.NewTest -->
