<?xml version="1.0" encoding="UTF-8"?>
<!-- Generated by org.testng.reporters.JUnitReportReporter -->
<testsuite skipped="0" hostname="pnawal-t460" name="com.tests.RecentArtifacts" tests="2" failures="0" timestamp="13 Aug 2018 07:37:47 GMT" time="0.146" errors="0">
  <testcase name="addToRecentlyOpenedArtifact" time="0.065" classname="com.tests.RecentArtifacts"/>
  <testcase name="fetchRecentlyOpenedArtifacts" time="0.081" classname="com.tests.RecentArtifacts"/>
</testsuite> <!-- com.tests.RecentArtifacts -->
