<?xml version="1.0" encoding="UTF-8"?>
<!-- Generated by org.testng.reporters.JUnitReportReporter -->
<testsuite skipped="0" hostname="pnawal-t460" name="com.tibco.be.rms.testcases.RevertArtifactsTest" tests="3" failures="0" timestamp="04 Nov 2018 12:11:47 GMT" time="3.749" errors="0">
  <testcase name="revertDT" time="2.241" classname="com.tibco.be.rms.testcases.RevertArtifactsTest"/>
  <testcase name="revertBuilderRTI" time="0.746" classname="com.tibco.be.rms.testcases.RevertArtifactsTest"/>
  <testcase name="revertViewRTI" time="0.762" classname="com.tibco.be.rms.testcases.RevertArtifactsTest"/>
</testsuite> <!-- com.tibco.be.rms.testcases.RevertArtifactsTest -->
