<?xml version="1.0" encoding="UTF-8"?>
<!-- Generated by org.testng.reporters.JUnitReportReporter -->
<testsuite skipped="0" hostname="pnawal-t460" name="com.tibco.be.rms.testcases.DeleteWorklistItemsTest" tests="2" failures="0" timestamp="21 Nov 2018 06:12:05 GMT" time="3.857" errors="0">
  <testcase name="deleteWorklistItemsNotYetApprovedRejected" time="3.175" classname="com.tibco.be.rms.testcases.DeleteWorklistItemsTest"/>
  <testcase name="deleteApprovedWorklistItems" time="0.682" classname="com.tibco.be.rms.testcases.DeleteWorklistItemsTest"/>
</testsuite> <!-- com.tibco.be.rms.testcases.DeleteWorklistItemsTest -->
