<?xml version="1.0" encoding="UTF-8"?>
<!-- Generated by org.testng.reporters.JUnitReportReporter -->
<testsuite skipped="0" hostname="pnawal-t460" name="com.tibco.be.rms.testcases.RejectArtifactsTest" tests="3" failures="0" timestamp="25 Sep 2018 15:24:21 GMT" time="4.340" errors="0">
  <testcase name="testRejectDT" time="1.754" classname="com.tibco.be.rms.testcases.RejectArtifactsTest"/>
  <testcase name="testRejectBuilderRTI" time="1.318" classname="com.tibco.be.rms.testcases.RejectArtifactsTest"/>
  <testcase name="testRejectViewRTI" time="1.268" classname="com.tibco.be.rms.testcases.RejectArtifactsTest"/>
</testsuite> <!-- com.tibco.be.rms.testcases.RejectArtifactsTest -->
