<?xml version="1.0" encoding="UTF-8"?>
<!-- Generated by org.testng.reporters.JUnitReportReporter -->
<testsuite skipped="0" hostname="pnawal-t460" name="com.tests.DeployArtifacts" tests="1" failures="0" timestamp="04 Sep 2018 11:22:30 GMT" time="26.988" errors="0">
  <testcase name="deployArtifacts" time="26.988" classname="com.tests.DeployArtifacts"/>
</testsuite> <!-- com.tests.DeployArtifacts -->
