<?xml version="1.0" encoding="UTF-8"?>
<!-- Generated by org.testng.reporters.JUnitReportReporter -->
<testsuite skipped="0" hostname="pnawal-t460" name="com.tibco.be.rms.testcases.ApproveArtifactsTest" tests="3" failures="0" timestamp="21 Nov 2018 05:56:34 GMT" time="4.309" errors="0">
  <testcase name="approveDT" time="2.237" classname="com.tibco.be.rms.testcases.ApproveArtifactsTest"/>
  <testcase name="approveBuilderRTI" time="1.477" classname="com.tibco.be.rms.testcases.ApproveArtifactsTest"/>
  <testcase name="approveViewRTI" time="0.595" classname="com.tibco.be.rms.testcases.ApproveArtifactsTest"/>
</testsuite> <!-- com.tibco.be.rms.testcases.ApproveArtifactsTest -->
