<?xml version="1.0" encoding="UTF-8"?>
<!-- Generated by org.testng.reporters.JUnitReportReporter -->
<testsuite skipped="0" hostname="pnawal-t460" name="com.tests.ApproveArtifacts" tests="2" failures="0" timestamp="04 Sep 2018 11:22:30 GMT" time="0.879" errors="0">
  <testcase name="fetchWorklistItems" time="0.106" classname="com.tests.ApproveArtifacts"/>
  <testcase name="approveArtifacts" time="0.773" classname="com.tests.ApproveArtifacts"/>
</testsuite> <!-- com.tests.ApproveArtifacts -->
