<?xml version="1.0" encoding="UTF-8"?>
<!-- Generated by org.testng.reporters.JUnitReportReporter -->
<testsuite skipped="0" hostname="pnawal-t460" name="com.tests.CreateDT" tests="2" failures="0" timestamp="04 Sep 2018 11:22:30 GMT" time="0.537" errors="0">
  <testcase name="fetchVRF" time="0.240" classname="com.tests.CreateDT"/>
  <testcase name="createDT" time="0.297" classname="com.tests.CreateDT"/>
</testsuite> <!-- com.tests.CreateDT -->
