<?xml version="1.0" encoding="UTF-8"?>
<!-- Generated by org.testng.reporters.JUnitReportReporter -->
<testsuite skipped="0" hostname="pnawal-t460" name="com.tibco.be.rms.testcases.CheckoutTest" tests="1" failures="0" timestamp="05 Sep 2018 10:44:45 GMT" time="0.482" errors="0">
  <testcase name="checkout" time="0.482" classname="com.tibco.be.rms.testcases.CheckoutTest"/>
</testsuite> <!-- com.tibco.be.rms.testcases.CheckoutTest -->
