<?xml version="1.0" encoding="UTF-8"?>
<!-- Generated by org.testng.reporters.JUnitReportReporter -->
<testsuite skipped="0" hostname="pnawal-t460" name="com.tibco.be.rms.testcases.DelegateArtifactsTest" tests="2" failures="0" timestamp="21 Nov 2018 06:00:31 GMT" time="2.653" errors="0">
  <testcase name="delegateArtifactToTechnicalUser" time="1.606" classname="com.tibco.be.rms.testcases.DelegateArtifactsTest"/>
  <testcase name="approveArtifactUsingTechnicalUser" time="1.047" classname="com.tibco.be.rms.testcases.DelegateArtifactsTest"/>
</testsuite> <!-- com.tibco.be.rms.testcases.DelegateArtifactsTest -->
