<?xml version="1.0" encoding="UTF-8"?>
<!-- Generated by org.testng.reporters.JUnitReportReporter -->
<testsuite skipped="0" hostname="pnawal-t460" name="com.tests.SynchronizeArtifacts" tests="2" failures="0" timestamp="04 Sep 2018 11:29:05 GMT" time="0.657" errors="0">
  <testcase name="listArtifactsNeedsSynchronization" time="0.408" classname="com.tests.SynchronizeArtifacts"/>
  <testcase name="synchronize" time="0.249" classname="com.tests.SynchronizeArtifacts"/>
</testsuite> <!-- com.tests.SynchronizeArtifacts -->
