<?xml version="1.0" encoding="UTF-8"?>
<!-- Generated by org.testng.reporters.JUnitReportReporter -->
<testsuite skipped="0" hostname="pnawal-t460" name="com.tests.CommitArtifacts" tests="2" failures="0" timestamp="04 Sep 2018 11:22:30 GMT" time="0.664" errors="0">
  <testcase name="listArtifactsReadyToBeCommitted" time="0.268" classname="com.tests.CommitArtifacts"/>
  <testcase name="commitArtifacts" time="0.396" classname="com.tests.CommitArtifacts"/>
</testsuite> <!-- com.tests.CommitArtifacts -->
