<?xml version="1.0" encoding="UTF-8"?>
<!-- Generated by org.testng.reporters.JUnitReportReporter -->
<testsuite skipped="0" hostname="pnawal-t460" name="com.tests.DeleteWorklist" tests="2" failures="0" timestamp="26 Aug 2018 03:42:01 GMT" time="0.429" errors="0">
  <testcase name="delete" time="0.328" classname="com.tests.DeleteWorklist"/>
  <testcase name="fetchDetailsOfWorklistItem" time="0.101" classname="com.tests.DeleteWorklist"/>
</testsuite> <!-- com.tests.DeleteWorklist -->
