<?xml version="1.0" encoding="UTF-8"?>
<!-- Generated by org.testng.reporters.JUnitReportReporter -->
<testsuite skipped="0" hostname="pnawal-t460" name="com.tests.RejectArtifacts" tests="3" failures="0" timestamp="04 Sep 2018 11:22:30 GMT" time="1.109" errors="0">
  <testcase name="commitArtifacts" time="0.306" classname="com.tests.RejectArtifacts"/>
  <testcase name="fetchWorklistItems" time="0.412" classname="com.tests.RejectArtifacts"/>
  <testcase name="reject" time="0.391" classname="com.tests.RejectArtifacts"/>
</testsuite> <!-- com.tests.RejectArtifacts -->
