<?xml version="1.0" encoding="UTF-8"?>
<!-- Generated by org.testng.reporters.JUnitReportReporter -->
<testsuite skipped="0" hostname="pnawal-t460" name="com.tibco.be.rms.testcases.NotificationPreferencesTest" tests="2" failures="0" timestamp="04 Nov 2018 11:39:36 GMT" time="0.674" errors="0">
  <testcase name="updateNotificationPreferences" time="0.565" classname="com.tibco.be.rms.testcases.NotificationPreferencesTest"/>
  <testcase name="fetchNotificationPreferences" time="0.109" classname="com.tibco.be.rms.testcases.NotificationPreferencesTest"/>
</testsuite> <!-- com.tibco.be.rms.testcases.NotificationPreferencesTest -->
