<?xml version="1.0" encoding="UTF-8"?>
<!-- Generated by org.testng.reporters.JUnitReportReporter -->
<testsuite skipped="0" hostname="pnawal-t460" name="com.tests.Checkout2" tests="1" failures="0" timestamp="04 Sep 2018 11:22:30 GMT" time="0.616" errors="0">
  <testcase name="checkout" time="0.616" classname="com.tests.Checkout2"/>
</testsuite> <!-- com.tests.Checkout2 -->
