<?xml version="1.0" encoding="UTF-8"?>
<!-- Generated by org.testng.reporters.JUnitReportReporter -->
<testsuite skipped="0" hostname="pnawal-t460" name="com.tests.DeployBuilderRTI" tests="9" failures="0" timestamp="10 Aug 2018 15:45:41 GMT" time="9.782" errors="0">
  <testcase name="checkout" time="2.049" classname="com.tests.DeployBuilderRTI"/>
  <testcase name="fetchArtifact" time="1.725" classname="com.tests.DeployBuilderRTI"/>
  <testcase name="saveArtifact" time="0.737" classname="com.tests.DeployBuilderRTI"/>
  <testcase name="validateArtifact" time="0.280" classname="com.tests.DeployBuilderRTI"/>
  <testcase name="listArtifactsReadyToBeCommitted" time="0.250" classname="com.tests.DeployBuilderRTI"/>
  <testcase name="commitRTI" time="0.938" classname="com.tests.DeployBuilderRTI"/>
  <testcase name="fetchWorklistItems" time="0.500" classname="com.tests.DeployBuilderRTI"/>
  <testcase name="approve" time="1.478" classname="com.tests.DeployBuilderRTI"/>
  <testcase name="deploy" time="1.825" classname="com.tests.DeployBuilderRTI"/>
</testsuite> <!-- com.tests.DeployBuilderRTI -->
