<?xml version="1.0" encoding="UTF-8"?>
<!-- Generated by org.testng.reporters.JUnitReportReporter -->
<testsuite skipped="0" hostname="pnawal-t460" name="com.tests.DeploymentConfiguration" tests="4" failures="0" timestamp="05 Sep 2018 06:09:21 GMT" time="0.559" errors="0">
  <testcase name="addDeploymentConfig" time="0.190" classname="com.tests.DeploymentConfiguration"/>
  <testcase name="fetchDeploymentConfig" time="0.150" classname="com.tests.DeploymentConfiguration"/>
  <testcase name="updateDeploymentConfig" time="0.123" classname="com.tests.DeploymentConfiguration"/>
  <testcase name="deleteDeploymentConfig" time="0.096" classname="com.tests.DeploymentConfiguration"/>
</testsuite> <!-- com.tests.DeploymentConfiguration -->
