<?xml version="1.0" encoding="UTF-8"?>
<!-- Generated by org.testng.reporters.JUnitReportReporter -->
<testsuite skipped="0" hostname="pnawal-t460" name="com.tests.LockUnlockArtifacts" tests="3" failures="0" timestamp="04 Sep 2018 11:22:30 GMT" time="0.440" errors="0">
  <testcase name="manageLocks" time="0.054" classname="com.tests.LockUnlockArtifacts"/>
  <testcase name="lockArtifact" time="0.241" classname="com.tests.LockUnlockArtifacts"/>
  <testcase name="unlockArtifact" time="0.145" classname="com.tests.LockUnlockArtifacts"/>
</testsuite> <!-- com.tests.LockUnlockArtifacts -->
