<?xml version="1.0" encoding="UTF-8"?>
<!-- Generated by org.testng.reporters.JUnitReportReporter -->
<testsuite skipped="1" hostname="pnawal-t460" name="com.tibco.be.rms.testcases.ACLTest" tests="5" failures="0" timestamp="21 Nov 2018 05:53:27 GMT" time="1.838" errors="0">
  <testcase name="fetchACL" time="0.398" classname="com.tibco.be.rms.testcases.ACLTest"/>
  <testcase name="updateACL" time="0.893" classname="com.tibco.be.rms.testcases.ACLTest"/>
  <testcase name="fetchAuthenticationDetails" time="0.184" classname="com.tibco.be.rms.testcases.ACLTest"/>
  <testcase name="updateAuthenticationDetails" time="0.363" classname="com.tibco.be.rms.testcases.ACLTest"/>
  <testcase name="checkUserEntry" classname="com.tibco.be.rms.testcases.ACLTest">
    <skipped/>
  </testcase> <!-- checkUserEntry -->
</testsuite> <!-- com.tibco.be.rms.testcases.ACLTest -->
