<?xml version="1.0" encoding="UTF-8"?>
<!-- Generated by org.testng.reporters.JUnitReportReporter -->
<testsuite skipped="0" hostname="pnawal-t460" name="com.tests.ExportArtifact" tests="1" failures="0" timestamp="11 Aug 2018 10:51:46 GMT" time="0.131" errors="0">
  <testcase name="exportDT" time="0.131" classname="com.tests.ExportArtifact"/>
</testsuite> <!-- com.tests.ExportArtifact -->
