<?xml version="1.0" encoding="UTF-8"?>
<!-- Generated by org.testng.reporters.JUnitReportReporter -->
<testsuite skipped="0" hostname="pnawal-t460" name="com.tests.Login" tests="2" failures="0" timestamp="09 Aug 2018 17:13:47 GMT" time="2.153" errors="0">
  <testcase name="login" time="2.110" classname="com.tests.Login"/>
  <testcase name="logout" time="0.043" classname="com.tests.Login"/>
</testsuite> <!-- com.tests.Login -->
