<?xml version="1.0" encoding="UTF-8"?>
<!-- Generated by org.testng.reporters.JUnitReportReporter -->
<testsuite skipped="0" hostname="pnawal-t460" name="com.tibco.be.rms.testcases.DeleteArtifactsTest" tests="1" failures="0" timestamp="21 Nov 2018 06:09:06 GMT" time="3.240" errors="0">
  <testcase name="deleteArtifacts" time="3.240" classname="com.tibco.be.rms.testcases.DeleteArtifactsTest"/>
</testsuite> <!-- com.tibco.be.rms.testcases.DeleteArtifactsTest -->
