<?xml version="1.0" encoding="UTF-8"?>
<!-- Generated by org.testng.reporters.JUnitReportReporter -->
<testsuite skipped="0" hostname="pnawal-t460" name="com.tests.DeployRTI" tests="9" failures="0" timestamp="13 Aug 2018 06:22:20 GMT" time="61.603" errors="0">
  <testcase name="generateDeployable" time="22.520" classname="com.tests.DeployRTI"/>
  <testcase name="validateBuilderRTI" time="0.203" classname="com.tests.DeployRTI"/>
  <testcase name="validateViewRTI" time="0.133" classname="com.tests.DeployRTI"/>
  <testcase name="validateDT" time="11.452" classname="com.tests.DeployRTI"/>
  <testcase name="listArtifactsReadyToBeCommitted" time="0.209" classname="com.tests.DeployRTI"/>
  <testcase name="commitArtifacts" time="0.364" classname="com.tests.DeployRTI"/>
  <testcase name="fetchWorklistItems" time="0.217" classname="com.tests.DeployRTI"/>
  <testcase name="approveArtifacts" time="0.365" classname="com.tests.DeployRTI"/>
  <testcase name="deployArtifacts" time="26.140" classname="com.tests.DeployRTI"/>
</testsuite> <!-- com.tests.DeployRTI -->
